<?xml version='1.0' encoding='UTF-8'?>
<testsuite hostname="SWARSAHU-M-P5LZ" name="io.github.swaroopksahu.event.AsyncMessageTest" tests="2" errors="0" failures="0" skipped="0" time="-0.002" timestamp="2021-07-12T17:55:03">
                     <properties>
[...]
</properties>
                     <testcase classname="io.github.swaroopksahu.event.AsyncMessageTest" name="test" time="-0.001">
                                                 
                                               </testcase><testcase classname="io.github.swaroopksahu.event.AsyncMessageTest" name="test2" time="-0.001">
                                                 
                                               </testcase>
                     <system-out><![CDATA[]]></system-out>
                     <system-err><![CDATA[]]></system-err>
                   </testsuite>